D:\MY\PROJ\TCP_CLIENT\LIBEVENT\DEBUG\LIBEVENT.PCH
D:\MY\PROJ\TCP_CLIENT\LIBEVENT\DEBUG\STDAFX.OBJ
D:\MY\PROJ\TCP_CLIENT\LIBEVENT\DEBUG\VC110.PDB
D:\MY\PROJ\TCP_CLIENT\LIBEVENT\DEBUG\EVENT.OBJ
D:\MY\PROJ\TCP_CLIENT\LIBEVENT\DEBUG\EVENT_IOCP.OBJ
D:\MY\PROJ\TCP_CLIENT\LIBEVENT\DEBUG\EVENT_TAGGING.OBJ
D:\MY\PROJ\TCP_CLIENT\LIBEVENT\DEBUG\EVMAP.OBJ
D:\MY\PROJ\TCP_CLIENT\LIBEVENT\DEBUG\EVPORT.OBJ
D:\MY\PROJ\TCP_CLIENT\LIBEVENT\DEBUG\EVRPC.OBJ
D:\MY\PROJ\TCP_CLIENT\LIBEVENT\DEBUG\EVTHREAD.OBJ
D:\MY\PROJ\TCP_CLIENT\LIBEVENT\DEBUG\EVTHREAD_WIN32.OBJ
D:\MY\PROJ\TCP_CLIENT\LIBEVENT\DEBUG\EVUTIL.OBJ
D:\MY\PROJ\TCP_CLIENT\LIBEVENT\DEBUG\EVUTIL_RAND.OBJ
D:\MY\PROJ\TCP_CLIENT\LIBEVENT\DEBUG\EVUTIL_TIME.OBJ
D:\MY\PROJ\TCP_CLIENT\LIBEVENT\DEBUG\HTTP.OBJ
D:\MY\PROJ\TCP_CLIENT\LIBEVENT\DEBUG\KQUEUE.OBJ
D:\MY\PROJ\TCP_CLIENT\LIBEVENT\DEBUG\LISTENER.OBJ
D:\MY\PROJ\TCP_CLIENT\LIBEVENT\DEBUG\LOG.OBJ
D:\MY\PROJ\TCP_CLIENT\LIBEVENT\DEBUG\POLL.OBJ
D:\MY\PROJ\TCP_CLIENT\LIBEVENT\DEBUG\SELECT.OBJ
D:\MY\PROJ\TCP_CLIENT\LIBEVENT\DEBUG\SIGNAL.OBJ
D:\MY\PROJ\TCP_CLIENT\LIBEVENT\DEBUG\STRLCPY.OBJ
D:\MY\PROJ\TCP_CLIENT\LIBEVENT\DEBUG\WIN32SELECT.OBJ
D:\MY\PROJ\TCP_CLIENT\LIBEVENT\DEBUG\BUFFER.OBJ
D:\MY\PROJ\TCP_CLIENT\LIBEVENT\DEBUG\BUFFEREVENT.OBJ
D:\MY\PROJ\TCP_CLIENT\LIBEVENT\DEBUG\BUFFEREVENT_ASYNC.OBJ
D:\MY\PROJ\TCP_CLIENT\LIBEVENT\DEBUG\BUFFEREVENT_FILTER.OBJ
D:\MY\PROJ\TCP_CLIENT\LIBEVENT\DEBUG\BUFFEREVENT_OPENSSL.OBJ
D:\MY\PROJ\TCP_CLIENT\LIBEVENT\DEBUG\BUFFEREVENT_PAIR.OBJ
D:\MY\PROJ\TCP_CLIENT\LIBEVENT\DEBUG\BUFFEREVENT_RATELIM.OBJ
D:\MY\PROJ\TCP_CLIENT\LIBEVENT\DEBUG\BUFFEREVENT_SOCK.OBJ
D:\MY\PROJ\TCP_CLIENT\LIBEVENT\DEBUG\BUFFER_IOCP.OBJ
D:\MY\PROJ\TCP_CLIENT\LIBEVENT\DEBUG\DEVPOLL.OBJ
D:\MY\PROJ\TCP_CLIENT\LIBEVENT\DEBUG\EPOLL.OBJ
D:\MY\PROJ\TCP_CLIENT\LIBEVENT\DEBUG\EVDNS.OBJ
D:\MY\PROJ\TCP_CLIENT\DEBUG\LIBEVENT.LIB
D:\my\proj\tcp_client\libevent\Debug\buffer.obj
D:\my\proj\tcp_client\libevent\Debug\bufferevent.obj
D:\my\proj\tcp_client\libevent\Debug\bufferevent_async.obj
D:\my\proj\tcp_client\libevent\Debug\bufferevent_filter.obj
D:\my\proj\tcp_client\libevent\Debug\bufferevent_openssl.obj
D:\my\proj\tcp_client\libevent\Debug\bufferevent_pair.obj
D:\my\proj\tcp_client\libevent\Debug\bufferevent_ratelim.obj
D:\my\proj\tcp_client\libevent\Debug\bufferevent_sock.obj
D:\my\proj\tcp_client\libevent\Debug\buffer_iocp.obj
D:\my\proj\tcp_client\libevent\Debug\devpoll.obj
D:\my\proj\tcp_client\libevent\Debug\epoll.obj
D:\my\proj\tcp_client\libevent\Debug\evdns.obj
D:\my\proj\tcp_client\libevent\Debug\event.obj
D:\my\proj\tcp_client\libevent\Debug\event_iocp.obj
D:\my\proj\tcp_client\libevent\Debug\event_tagging.obj
D:\my\proj\tcp_client\libevent\Debug\evmap.obj
D:\my\proj\tcp_client\libevent\Debug\evport.obj
D:\my\proj\tcp_client\libevent\Debug\evrpc.obj
D:\my\proj\tcp_client\libevent\Debug\evthread.obj
D:\my\proj\tcp_client\libevent\Debug\evthread_win32.obj
D:\my\proj\tcp_client\libevent\Debug\evutil.obj
D:\my\proj\tcp_client\libevent\Debug\evutil_rand.obj
D:\my\proj\tcp_client\libevent\Debug\evutil_time.obj
D:\my\proj\tcp_client\libevent\Debug\http.obj
D:\my\proj\tcp_client\libevent\Debug\kqueue.obj
D:\my\proj\tcp_client\libevent\Debug\listener.obj
D:\my\proj\tcp_client\libevent\Debug\log.obj
D:\my\proj\tcp_client\libevent\Debug\poll.obj
D:\my\proj\tcp_client\libevent\Debug\select.obj
D:\my\proj\tcp_client\libevent\Debug\signal.obj
D:\my\proj\tcp_client\libevent\Debug\stdafx.obj
D:\my\proj\tcp_client\libevent\Debug\strlcpy.obj
D:\my\proj\tcp_client\libevent\Debug\win32select.obj
D:\my\proj\tcp_client\libevent\Debug\cl.command.1.tlog
D:\my\proj\tcp_client\libevent\Debug\CL.read.1.tlog
D:\my\proj\tcp_client\libevent\Debug\CL.write.1.tlog
D:\my\proj\tcp_client\libevent\Debug\Lib-link.read.1.tlog
D:\my\proj\tcp_client\libevent\Debug\Lib-link.write.1.tlog
D:\my\proj\tcp_client\libevent\Debug\lib.command.1.tlog
D:\my\proj\tcp_client\libevent\Debug\Lib.read.1.tlog
D:\my\proj\tcp_client\libevent\Debug\libevent.pch
D:\my\proj\tcp_client\libevent\Debug\vc110.idb
D:\my\proj\tcp_client\libevent\Debug\vc110.pdb
D:\my\proj\tcp_client\Debug\libevent.lib
